#
# A fatal error has been detected by the Java Runtime Environment:
#
#  EXCEPTION_ACCESS_VIOLATION (0xc0000005) at pc=0x000000006a77b8d0, pid=13800, tid=0x000000000000328c
#
# JRE version: Java(TM) SE Runtime Environment (8.0_201-b09) (build 1.8.0_201-b09)
# Java VM: Java HotSpot(TM) 64-Bit Server VM (25.201-b09 mixed mode windows-amd64 compressed oops)
# Problematic frame:
# V  [jvm.dll+0x51b8d0]
#
# Failed to write core dump. Minidumps are not enabled by default on client versions of Windows
#
# If you would like to submit a bug report, please visit:
#   http://bugreport.java.com/bugreport/crash.jsp
#

---------------  T H R E A D  ---------------

Current thread (0x0000000058a31800):  JavaThread "C2 CompilerThread1" daemon [_thread_in_native, id=12940, stack(0x0000000058410000,0x0000000058510000)]

siginfo: ExceptionCode=0xc0000005, reading address 0x0000000000000028

Registers:
RAX=0x000000005a396df0, RBX=0x000000005850c6f8, RCX=0x000000005a396df0, RDX=0x00000000000024a1
RSP=0x000000005850bf20, RBP=0x000000005850c020, RSI=0x00000000000024a1, RDI=0x000000005b8f1e68
R8 =0x00000000000034ec, R9 =0x000000005acfa160, R10=0x000000005a396df0, R11=0x000000005850c6f8
R12=0x0000000000000000, R13=0x0000000000000011, R14=0x0000000000000088, R15=0x000000005850c610
RIP=0x000000006a77b8d0, EFLAGS=0x0000000000010297

Top of Stack: (sp=0x000000005850bf20)
0x000000005850bf20:   000000005850c6f8 000000005850c020
0x000000005850bf30:   00000000000024a1 0000000000000003
0x000000005850bf40:   0000000000000004 00000000000027f7
0x000000005850bf50:   0000000000000001 000000005a2bc400
0x000000005850bf60:   000000005850c100 0000000000000051
0x000000005850bf70:   0000000000000008 0000000059f17450
0x000000005850bf80:   0000000000000005 0000000000000005
0x000000005850bf90:   000000006aa85440 000000050000009a
0x000000005850bfa0:   00000e9c00000000 000000005850c2f0
0x000000005850bfb0:   000000000000000f 000000005a83ec40
0x000000005850bfc0:   0000000000000001 00000e9c0000009a
0x000000005850bfd0:   000000005850c2f0 000000000000000f
0x000000005850bfe0:   000000005a83b1d0 0000000000000c3d
0x000000005850bff0:   000000005ad1e4f0 0000000058a5e9b0
0x000000005850c000:   0000000000000051 00000000000003d8
0x000000005850c010:   0000000058a5ed88 0000000058a5e9a0 

Instructions: (pc=0x000000006a77b8d0)
0x000000006a77b8b0:   be 08 00 00 00 66 66 66 0f 1f 84 00 00 00 00 00
0x000000006a77b8c0:   48 8b 47 08 4c 8b 4b 40 4d 8b 24 06 48 8b 43 20
0x000000006a77b8d0:   4d 63 44 24 28 4b 63 14 81 8b 34 90 3b f2 74 16
0x000000006a77b8e0:   48 8b cb e8 08 dc f4 ff 49 63 54 24 28 48 8b 4b 


Register to memory mapping:

RAX=0x000000005a396df0 is an unknown value
RBX=0x000000005850c6f8 is pointing into the stack for thread: 0x0000000058a31800
RCX=0x000000005a396df0 is an unknown value
RDX=0x00000000000024a1 is an unknown value
RSP=0x000000005850bf20 is pointing into the stack for thread: 0x0000000058a31800
RBP=0x000000005850c020 is pointing into the stack for thread: 0x0000000058a31800
RSI=0x00000000000024a1 is an unknown value
RDI=0x000000005b8f1e68 is an unknown value
R8 =0x00000000000034ec is an unknown value
R9 =0x000000005acfa160 is an unknown value
R10=0x000000005a396df0 is an unknown value
R11=0x000000005850c6f8 is pointing into the stack for thread: 0x0000000058a31800
R12=0x0000000000000000 is an unknown value
R13=0x0000000000000011 is an unknown value
R14=0x0000000000000088 is an unknown value
R15=0x000000005850c610 is pointing into the stack for thread: 0x0000000058a31800


Stack: [0x0000000058410000,0x0000000058510000],  sp=0x000000005850bf20,  free space=1007k
Native frames: (J=compiled Java code, j=interpreted, Vv=VM code, C=native code)
V  [jvm.dll+0x51b8d0]
V  [jvm.dll+0x46c8a6]
V  [jvm.dll+0x477e7b]
V  [jvm.dll+0x47a787]
V  [jvm.dll+0x45cfa2]
V  [jvm.dll+0xa6b42]
V  [jvm.dll+0xa748f]
V  [jvm.dll+0x24656f]
V  [jvm.dll+0x29fb6a]
C  [msvcr100.dll+0x21db7]
C  [msvcr100.dll+0x21e53]
C  [kernel32.dll+0x159cd]
C  [ntdll.dll+0x5385d]


Current CompileTask:
C2:   3079 1045       4       java.io.WinNTFileSystem::normalize (143 bytes)


---------------  P R O C E S S  ---------------

Java Threads: ( => current thread )
  0x000000005a69f800 JavaThread "background-preinit" [_thread_in_Java, id=8496, stack(0x000000005b5a0000,0x000000005b6a0000)]
  0x0000000058a71800 JavaThread "Service Thread" daemon [_thread_blocked, id=12780, stack(0x00000000596f0000,0x00000000597f0000)]
  0x0000000058a32800 JavaThread "C1 CompilerThread2" daemon [_thread_blocked, id=13872, stack(0x0000000059480000,0x0000000059580000)]
=>0x0000000058a31800 JavaThread "C2 CompilerThread1" daemon [_thread_in_native, id=12940, stack(0x0000000058410000,0x0000000058510000)]
  0x0000000058a2f800 JavaThread "C2 CompilerThread0" daemon [_thread_in_native, id=8484, stack(0x0000000059250000,0x0000000059350000)]
  0x0000000058a2d000 JavaThread "Monitor Ctrl-Break" daemon [_thread_in_native, id=10592, stack(0x00000000586a0000,0x00000000587a0000)]
  0x00000000589fb000 JavaThread "Attach Listener" daemon [_thread_blocked, id=12360, stack(0x00000000590f0000,0x00000000591f0000)]
  0x00000000589fa800 JavaThread "Signal Dispatcher" daemon [_thread_blocked, id=11960, stack(0x0000000058ef0000,0x0000000058ff0000)]
  0x000000005761e000 JavaThread "Finalizer" daemon [_thread_blocked, id=13860, stack(0x00000000588f0000,0x00000000589f0000)]
  0x0000000057617000 JavaThread "Reference Handler" daemon [_thread_blocked, id=13020, stack(0x00000000587a0000,0x00000000588a0000)]
  0x000000000232c800 JavaThread "main" [_thread_in_Java, id=8088, stack(0x0000000002660000,0x0000000002760000)]

Other Threads:
  0x00000000575cf800 VMThread [stack: 0x0000000058560000,0x0000000058660000] [id=13736]
  0x0000000058b0f000 WatcherThread [stack: 0x00000000598c0000,0x00000000599c0000] [id=12736]

VM state:not at safepoint (normal execution)

VM Mutex/Monitor currently owned by a thread: None

heap address: 0x0000000081400000, size: 2028 MB, Compressed Oops mode: 32-bit
Narrow klass base: 0x0000000000000000, Narrow klass shift: 0
Compressed class space size: 1073741824 Address: 0x0000000016c40000

Heap:
 PSYoungGen      total 71680K, used 15300K [0x00000000d5c00000, 0x00000000da700000, 0x0000000100000000)
  eden space 66560K, 15% used [0x00000000d5c00000,0x00000000d65f8060,0x00000000d9d00000)
  from space 5120K, 99% used [0x00000000da200000,0x00000000da6f91a8,0x00000000da700000)
  to   space 5120K, 0% used [0x00000000d9d00000,0x00000000d9d00000,0x00000000da200000)
 ParOldGen       total 87552K, used 791K [0x0000000081400000, 0x0000000086980000, 0x00000000d5c00000)
  object space 87552K, 0% used [0x0000000081400000,0x00000000814c5eb0,0x0000000086980000)
 Metaspace       used 15208K, capacity 15576K, committed 15616K, reserved 1062912K
  class space    used 1936K, capacity 2046K, committed 2048K, reserved 1048576K

Card table byte_map: [0x0000000011b20000,0x0000000011f20000] byte_map_base: 0x0000000011716000

Marking Bits: (ParMarkBitMap*) 0x000000006aa84ce0
 Begin Bits: [0x00000000128e0000, 0x0000000014890000)
 End Bits:   [0x0000000014890000, 0x0000000016840000)

Polling page: 0x00000000004d0000

CodeCache: size=245760Kb used=3868Kb max_used=3868Kb free=241891Kb
 bounds [0x0000000002760000, 0x0000000002b30000, 0x0000000011760000]
 total_blobs=1456 nmethods=1104 adapters=265
 compilation: enabled

Compilation events (10 events):
Event: 3.062 Thread 0x0000000058a32800 nmethod 1101 0x0000000002b248d0 code [0x0000000002b24a20, 0x0000000002b24c10]
Event: 3.062 Thread 0x0000000058a32800 1102   !   3       sun.reflect.UTF8::encode (191 bytes)
Event: 3.062 Thread 0x0000000058a32800 nmethod 1102 0x0000000002b24cd0 code [0x0000000002b24ec0, 0x0000000002b257a8]
Event: 3.062 Thread 0x0000000058a32800 1104       3       sun.reflect.ByteVectorImpl::get (26 bytes)
Event: 3.063 Thread 0x0000000058a32800 nmethod 1104 0x0000000002b25d50 code [0x0000000002b25ec0, 0x0000000002b260e8]
Event: 3.063 Thread 0x0000000058a32800 1105       3       java.lang.Character::getType (9 bytes)
Event: 3.064 Thread 0x0000000058a32800 nmethod 1105 0x0000000002b26210 code [0x0000000002b26380, 0x0000000002b265b8]
Event: 3.064 Thread 0x0000000058a32800 1106       3       java.lang.CharacterDataLatin1::getType (11 bytes)
Event: 3.064 Thread 0x0000000058a32800 nmethod 1106 0x0000000002b26690 code [0x0000000002b26800, 0x0000000002b269f0]
Event: 3.065 Thread 0x0000000058a32800 1107       3       java.net.URI$Parser::scan (50 bytes)

GC Heap History (4 events):
Event: 1.435 GC heap before
{Heap before GC invocations=1 (full 0):
 PSYoungGen      total 38400K, used 33280K [0x00000000d5c00000, 0x00000000d8680000, 0x0000000100000000)
  eden space 33280K, 100% used [0x00000000d5c00000,0x00000000d7c80000,0x00000000d7c80000)
  from space 5120K, 0% used [0x00000000d8180000,0x00000000d8180000,0x00000000d8680000)
  to   space 5120K, 0% used [0x00000000d7c80000,0x00000000d7c80000,0x00000000d8180000)
 ParOldGen       total 87552K, used 0K [0x0000000081400000, 0x0000000086980000, 0x00000000d5c00000)
  object space 87552K, 0% used [0x0000000081400000,0x0000000081400000,0x0000000086980000)
 Metaspace       used 9576K, capacity 9764K, committed 9984K, reserved 1058816K
  class space    used 1160K, capacity 1230K, committed 1280K, reserved 1048576K
Event: 1.599 GC heap after
Heap after GC invocations=1 (full 0):
 PSYoungGen      total 38400K, used 4694K [0x00000000d5c00000, 0x00000000da700000, 0x0000000100000000)
  eden space 33280K, 0% used [0x00000000d5c00000,0x00000000d5c00000,0x00000000d7c80000)
  from space 5120K, 91% used [0x00000000d7c80000,0x00000000d81158e0,0x00000000d8180000)
  to   space 5120K, 0% used [0x00000000da200000,0x00000000da200000,0x00000000da700000)
 ParOldGen       total 87552K, used 0K [0x0000000081400000, 0x0000000086980000, 0x00000000d5c00000)
  object space 87552K, 0% used [0x0000000081400000,0x0000000081400000,0x0000000086980000)
 Metaspace       used 9576K, capacity 9764K, committed 9984K, reserved 1058816K
  class space    used 1160K, capacity 1230K, committed 1280K, reserved 1048576K
}
Event: 2.699 GC heap before
{Heap before GC invocations=2 (full 0):
 PSYoungGen      total 38400K, used 37974K [0x00000000d5c00000, 0x00000000da700000, 0x0000000100000000)
  eden space 33280K, 100% used [0x00000000d5c00000,0x00000000d7c80000,0x00000000d7c80000)
  from space 5120K, 91% used [0x00000000d7c80000,0x00000000d81158e0,0x00000000d8180000)
  to   space 5120K, 0% used [0x00000000da200000,0x00000000da200000,0x00000000da700000)
 ParOldGen       total 87552K, used 0K [0x0000000081400000, 0x0000000086980000, 0x00000000d5c00000)
  object space 87552K, 0% used [0x0000000081400000,0x0000000081400000,0x0000000086980000)
 Metaspace       used 14115K, capacity 14430K, committed 14720K, reserved 1062912K
  class space    used 1756K, capacity 1839K, committed 1920K, reserved 1048576K
Event: 2.725 GC heap after
Heap after GC invocations=2 (full 0):
 PSYoungGen      total 71680K, used 5092K [0x00000000d5c00000, 0x00000000da700000, 0x0000000100000000)
  eden space 66560K, 0% used [0x00000000d5c00000,0x00000000d5c00000,0x00000000d9d00000)
  from space 5120K, 99% used [0x00000000da200000,0x00000000da6f91a8,0x00000000da700000)
  to   space 5120K, 0% used [0x00000000d9d00000,0x00000000d9d00000,0x00000000da200000)
 ParOldGen       total 87552K, used 791K [0x0000000081400000, 0x0000000086980000, 0x00000000d5c00000)
  object space 87552K, 0% used [0x0000000081400000,0x00000000814c5eb0,0x0000000086980000)
 Metaspace       used 14115K, capacity 14430K, committed 14720K, reserved 1062912K
  class space    used 1756K, capacity 1839K, committed 1920K, reserved 1048576K
}

Deoptimization events (7 events):
Event: 1.186 Thread 0x000000000232c800 Uncommon trap: reason=unstable_if action=reinterpret pc=0x000000000299b038 method=java.util.HashMap.getNode(ILjava/lang/Object;)Ljava/util/HashMap$Node; @ 129
Event: 1.259 Thread 0x000000000232c800 Uncommon trap: reason=unstable_if action=reinterpret pc=0x000000000297ecac method=java.util.HashMap.getNode(ILjava/lang/Object;)Ljava/util/HashMap$Node; @ 129
Event: 1.788 Thread 0x000000000232c800 Uncommon trap: reason=range_check action=make_not_entrant pc=0x0000000002a1dad0 method=sun.reflect.generics.parser.SignatureParser.current()C @ 34
Event: 2.223 Thread 0x000000000232c800 Uncommon trap: reason=unstable_if action=reinterpret pc=0x00000000029b5b9c method=java.io.WinNTFileSystem.normalize(Ljava/lang/String;)Ljava/lang/String; @ 128
Event: 2.273 Thread 0x000000000232c800 Uncommon trap: reason=unstable_if action=reinterpret pc=0x00000000028fdf30 method=java.lang.String.indexOf([CII[CIII)I @ 3
Event: 2.757 Thread 0x000000000232c800 Uncommon trap: reason=unstable_if action=reinterpret pc=0x0000000002a3920c method=java.util.HashMap.hash(Ljava/lang/Object;)I @ 1
Event: 2.757 Thread 0x000000000232c800 Uncommon trap: reason=unstable_if action=reinterpret pc=0x0000000002a11564 method=java.util.HashMap.hash(Ljava/lang/Object;)I @ 1

Classes redefined (0 events):
No events

Internal exceptions (10 events):
Event: 0.277 Thread 0x000000000232c800 Exception <a 'java/security/PrivilegedActionException'> (0x00000000d6007878) thrown at [C:\re\workspace\8-2-build-windows-amd64-cygwin\jdk8u201\12322\hotspot\src\share\vm\prims\jvm.cpp, line 1502]
Event: 0.712 Thread 0x000000000232c800 Exception <a 'java/io/FileNotFoundException'> (0x00000000d67309b0) thrown at [C:\re\workspace\8-2-build-windows-amd64-cygwin\jdk8u201\12322\hotspot\src\share\vm\prims\jni.cpp, line 709]
Event: 1.116 Thread 0x000000000232c800 Exception <a 'java/lang/NoSuchFieldError': method resolution failed> (0x00000000d70dbcd0) thrown at [C:\re\workspace\8-2-build-windows-amd64-cygwin\jdk8u201\12322\hotspot\src\share\vm\prims\methodHandles.cpp, line 1167]
Event: 1.122 Thread 0x000000000232c800 Exception <a 'java/lang/NoSuchFieldError': method resolution failed> (0x00000000d70e9c60) thrown at [C:\re\workspace\8-2-build-windows-amd64-cygwin\jdk8u201\12322\hotspot\src\share\vm\prims\methodHandles.cpp, line 1167]
Event: 1.751 Thread 0x000000000232c800 Exception <a 'java/lang/NoSuchMethodError': java.lang.Object.lambda$static$0(Ljava/lang/Object;)Ljava/lang/Object;> (0x00000000d6024818) thrown at [C:\re\workspace\8-2-build-windows-amd64-cygwin\jdk8u201\12322\hotspot\src\share\vm\interpreter\linkResolver
Event: 1.788 Thread 0x000000000232c800 Exception <a 'java/lang/ArrayIndexOutOfBoundsException': 18> (0x00000000d6161150) thrown at [C:\re\workspace\8-2-build-windows-amd64-cygwin\jdk8u201\12322\hotspot\src\share\vm\interpreter\interpreterRuntime.cpp, line 368]
Event: 1.788 Thread 0x000000000232c800 Exception <a 'java/lang/ArrayIndexOutOfBoundsException': 182> (0x00000000d61636b8) thrown at [C:\re\workspace\8-2-build-windows-amd64-cygwin\jdk8u201\12322\hotspot\src\share\vm\interpreter\interpreterRuntime.cpp, line 368]
Event: 1.789 Thread 0x000000000232c800 Exception <a 'java/lang/ArrayIndexOutOfBoundsException': 60> (0x00000000d6165a50) thrown at [C:\re\workspace\8-2-build-windows-amd64-cygwin\jdk8u201\12322\hotspot\src\share\vm\interpreter\interpreterRuntime.cpp, line 368]
Event: 2.757 Thread 0x000000000232c800 Implicit null exception at 0x0000000002a39005 to 0x0000000002a391fd
Event: 2.757 Thread 0x000000000232c800 Implicit null exception at 0x0000000002a114ef to 0x0000000002a11555

Events (10 events):
Event: 3.040 loading class org/hibernate/validator/internal/engine/valueextraction/FloatArrayValueExtractor
Event: 3.040 loading class org/hibernate/validator/internal/engine/valueextraction/FloatArrayValueExtractor done
Event: 3.041 loading class sun/reflect/generics/tree/FloatSignature
Event: 3.041 loading class sun/reflect/generics/tree/FloatSignature done
Event: 3.042 loading class org/hibernate/validator/internal/engine/valueextraction/DoubleArrayValueExtractor
Event: 3.042 loading class org/hibernate/validator/internal/engine/valueextraction/DoubleArrayValueExtractor done
Event: 3.060 loading class sun/reflect/generics/tree/DoubleSignature
Event: 3.060 loading class sun/reflect/generics/tree/DoubleSignature done
Event: 3.061 loading class org/hibernate/validator/internal/engine/valueextraction/CharArrayValueExtractor
Event: 3.061 loading class org/hibernate/validator/internal/engine/valueextraction/CharArrayValueExtractor done


Dynamic libraries:
0x000000013f320000 - 0x000000013f357000 	D:\Program Files\Java\jdk1.8.0_201\bin\java.exe
0x0000000077100000 - 0x000000007729f000 	C:\Windows\SYSTEM32\ntdll.dll
0x0000000076ee0000 - 0x0000000076fff000 	C:\Windows\system32\kernel32.dll
0x000007fefd140000 - 0x000007fefd1aa000 	C:\Windows\system32\KERNELBASE.dll
0x000007fefea30000 - 0x000007fefeb0b000 	C:\Windows\system32\ADVAPI32.dll
0x000007feff160000 - 0x000007feff1ff000 	C:\Windows\system32\msvcrt.dll
0x000007feff140000 - 0x000007feff15f000 	C:\Windows\SYSTEM32\sechost.dll
0x000007fefe450000 - 0x000007fefe57d000 	C:\Windows\system32\RPCRT4.dll
0x0000000077000000 - 0x00000000770fa000 	C:\Windows\system32\USER32.dll
0x000007fefeb60000 - 0x000007fefebc7000 	C:\Windows\system32\GDI32.dll
0x000007feff3e0000 - 0x000007feff3ee000 	C:\Windows\system32\LPK.dll
0x000007feff310000 - 0x000007feff3db000 	C:\Windows\system32\USP10.dll
0x000007fefb900000 - 0x000007fefbaf4000 	C:\Windows\WinSxS\amd64_microsoft.windows.common-controls_6595b64144ccf1df_6.0.7601.18837_none_fa3b1e3d17594757\COMCTL32.dll
0x000007fefebd0000 - 0x000007fefec41000 	C:\Windows\system32\SHLWAPI.dll
0x000007fefecb0000 - 0x000007fefecde000 	C:\Windows\system32\IMM32.DLL
0x000007feff200000 - 0x000007feff309000 	C:\Windows\system32\MSCTF.dll
0x000000006e060000 - 0x000000006e131000 	D:\Program Files\Java\jdk1.8.0_201\jre\bin\msvcr100.dll
0x000000006a260000 - 0x000000006ab04000 	D:\Program Files\Java\jdk1.8.0_201\jre\bin\server\jvm.dll
0x000007fef4880000 - 0x000007fef4889000 	C:\Windows\system32\WSOCK32.dll
0x000007fefeb10000 - 0x000007fefeb5d000 	C:\Windows\system32\WS2_32.dll
0x000007fefe980000 - 0x000007fefe988000 	C:\Windows\system32\NSI.dll
0x000007fef9770000 - 0x000007fef97ab000 	C:\Windows\system32\WINMM.dll
0x000007fefbf90000 - 0x000007fefbf9c000 	C:\Windows\system32\VERSION.dll
0x00000000772a0000 - 0x00000000772a7000 	C:\Windows\system32\PSAPI.DLL
0x000007fefbb60000 - 0x000007fefbb6f000 	D:\Program Files\Java\jdk1.8.0_201\jre\bin\verify.dll
0x000007fef38a0000 - 0x000007fef38c9000 	D:\Program Files\Java\jdk1.8.0_201\jre\bin\java.dll
0x000007fef10c0000 - 0x000007fef10e3000 	D:\Program Files\Java\jdk1.8.0_201\jre\bin\instrument.dll
0x000007fef3880000 - 0x000007fef3896000 	D:\Program Files\Java\jdk1.8.0_201\jre\bin\zip.dll
0x000007fefd2e0000 - 0x000007fefe06a000 	C:\Windows\system32\SHELL32.dll
0x000007fefe250000 - 0x000007fefe44c000 	C:\Windows\system32\ole32.dll
0x000007fefceb0000 - 0x000007fefcebf000 	C:\Windows\system32\profapi.dll
0x000007feef160000 - 0x000007feef17a000 	D:\IntelliJ IDEA 2018.2.5\bin\breakgen64.dll
0x000007feef140000 - 0x000007feef15a000 	D:\Program Files\Java\jdk1.8.0_201\jre\bin\net.dll
0x000007fefefb0000 - 0x000007feff135000 	C:\Windows\system32\urlmon.dll
0x000007fefcec0000 - 0x000007fefcec4000 	C:\Windows\system32\api-ms-win-downlevel-ole32-l1-1-0.dll
0x000007fefd130000 - 0x000007fefd134000 	C:\Windows\system32\api-ms-win-downlevel-shlwapi-l1-1-0.dll
0x000007fefd120000 - 0x000007fefd125000 	C:\Windows\system32\api-ms-win-downlevel-advapi32-l1-1-0.dll
0x000007fefd1d0000 - 0x000007fefd1d4000 	C:\Windows\system32\api-ms-win-downlevel-user32-l1-1-0.dll
0x000007fefd1f0000 - 0x000007fefd1f4000 	C:\Windows\system32\api-ms-win-downlevel-version-l1-1-0.dll
0x000007fefd1e0000 - 0x000007fefd1e3000 	C:\Windows\system32\api-ms-win-downlevel-normaliz-l1-1-0.dll
0x00000000772b0000 - 0x00000000772b3000 	C:\Windows\system32\normaliz.DLL
0x000007fefece0000 - 0x000007fefefa7000 	C:\Windows\system32\iertutil.dll
0x000007fefe5a0000 - 0x000007fefe7fa000 	C:\Windows\system32\WININET.dll
0x000007fefd240000 - 0x000007fefd25e000 	C:\Windows\system32\USERENV.dll
0x000007fefc5f0000 - 0x000007fefc645000 	C:\Windows\system32\mswsock.dll
0x000007fefc5e0000 - 0x000007fefc5e7000 	C:\Windows\System32\wship6.dll
0x000007fef1a10000 - 0x000007fef1b35000 	C:\Windows\system32\dbghelp.dll

VM Arguments:
jvm_args: -ea -Didea.test.cyclic.buffer.size=1048576 -javaagent:D:\IntelliJ IDEA 2018.2.5\lib\idea_rt.jar=3631:D:\IntelliJ IDEA 2018.2.5\bin -Dfile.encoding=UTF-8 
java_command: com.intellij.rt.execution.junit.JUnitStarter -ideVersion5 -junit4 com.baizhi.TestAdmin,test1
java_class_path (initial): D:\IntelliJ IDEA 2018.2.5\lib\idea_rt.jar;D:\IntelliJ IDEA 2018.2.5\plugins\junit\lib\junit-rt.jar;D:\IntelliJ IDEA 2018.2.5\plugins\junit\lib\junit5-rt.jar;D:\Program Files\Java\jdk1.8.0_201\jre\lib\charsets.jar;D:\Program Files\Java\jdk1.8.0_201\jre\lib\deploy.jar;D:\Program Files\Java\jdk1.8.0_201\jre\lib\ext\access-bridge-64.jar;D:\Program Files\Java\jdk1.8.0_201\jre\lib\ext\cldrdata.jar;D:\Program Files\Java\jdk1.8.0_201\jre\lib\ext\dnsns.jar;D:\Program Files\Java\jdk1.8.0_201\jre\lib\ext\jaccess.jar;D:\Program Files\Java\jdk1.8.0_201\jre\lib\ext\jfxrt.jar;D:\Program Files\Java\jdk1.8.0_201\jre\lib\ext\localedata.jar;D:\Program Files\Java\jdk1.8.0_201\jre\lib\ext\nashorn.jar;D:\Program Files\Java\jdk1.8.0_201\jre\lib\ext\sunec.jar;D:\Program Files\Java\jdk1.8.0_201\jre\lib\ext\sunjce_provider.jar;D:\Program Files\Java\jdk1.8.0_201\jre\lib\ext\sunmscapi.jar;D:\Program Files\Java\jdk1.8.0_201\jre\lib\ext\sunpkcs11.jar;D:\Program Files\Java\jdk1.8.0_201\jre\lib\ext\zipfs.jar;D:\Program Files\Java\jdk1.8.0_201\jre\lib\javaws.jar;D:\Program Files\Java\jdk1.8.0_201\jre\lib\jce.jar;D:\Program Files\Java\jdk1.8.0_201\jre\lib\jfr.jar;D:\Program Files\Java\jdk1.8.0_201\jre\lib\jfxswt.jar;D:\Program Files\Java\jdk1.8.0_201\jre\lib\jsse.jar;D:\Program Files\Java\jdk1.8.0_201\jre\lib\management-agent.jar;D:\Program Files\Java\jdk1.8.0_201\jre\lib\plugin.jar;D:\Program Files\Java\jdk1.8.0_201\jre\lib\resources.jar;D:\Program Files\Java\jdk1.8.0_201\jre\lib\rt.jar;D:\IDEAWorkSpace\IDEA\cmfz_dyh\target\test-classes;D:\IDEAWorkSpace\IDEA\cmfz_dyh\target\classes;D:\m2\org\springframework\boot\spring-boot-starter-web\2.1.6.RELEASE\spring-boot-starter-web-2.1.6.RELEASE.jar;D:\m2\org\springframework\boot\spring-boot-starter\2.1.6.RELEASE\spring-boot-starter-2.1.6.RELEASE.jar;D:\m2\org\springframework\boot\spring-boot\2.1.6.RELEASE\spring-boot-2.1.6.RELEASE.jar;D:\m2\org\springframework\boot\spring-boot-autoconfigure\2.1.6.RELEASE\spring-boot-autoconfigu
Launcher Type: SUN_STANDARD

Environment Variables:
JAVA_HOME=D:\Program Files\Java\jdk1.8.0_201
CLASSPATH=.;D:\tomcat7\apache-tomcat-7.0.79\lib\servlet-api.jar;D:\tomcat7\apache-tomcat-7.0.79\lib
PATH=C:\Program Files (x86)\Common Files\Oracle\Java\javapath;D:\maven\apache-maven-3.5.3\bin;D:\mysql\bin;C:\Program Files\VanDyke Software\Clients\;D:\Program Files\Java\jdk1.8.0_201\bin;F:\maven资料\apache-maven-3.5.3\bin;
USERNAME=Administrator
OS=Windows_NT
PROCESSOR_IDENTIFIER=Intel64 Family 6 Model 60 Stepping 3, GenuineIntel



---------------  S Y S T E M  ---------------

OS: Windows 7 , 64 bit Build 7601 (6.1.7601.24335)

CPU:total 4 (initial active 4) (2 cores per cpu, 2 threads per core) family 6 model 60 stepping 3, cmov, cx8, fxsr, mmx, sse, sse2, sse3, ssse3, sse4.1, sse4.2, popcnt, avx, avx2, aes, clmul, erms, lzcnt, ht, tsc, tscinvbit, bmi1, bmi2

Memory: 4k page, physical 8302960k(2521444k free), swap 16604016k(9012308k free)

vm_info: Java HotSpot(TM) 64-Bit Server VM (25.201-b09) for windows-amd64 JRE (1.8.0_201-b09), built on Dec 15 2018 18:36:39 by "java_re" with MS VC++ 10.0 (VS2010)

time: Mon Jul 29 15:55:01 2019
timezone: 中国标准时间
elapsed time: 3 seconds (0d 0h 0m 3s)

